2015/07/20 19:51:23 INFO  - jmeter.util.JMeterUtils: Setting Locale to en_US 
2015/07/20 19:51:23 INFO  - jmeter.JMeter: Setting System properties from file: C:\Users\austenjt\Documents\GitHub\jmeter-gradle-plugin-adv-example\src\test\jmeter\user.properties 
2015/07/20 19:51:23 INFO  - jmeter.JMeter: Copyright (c) 1998-2015 The Apache Software Foundation 
2015/07/20 19:51:23 INFO  - jmeter.JMeter: Version 2.13 r1665067 
2015/07/20 19:51:23 INFO  - jmeter.JMeter: java.version=1.8.0_45 
2015/07/20 19:51:23 INFO  - jmeter.JMeter: java.vm.name=Java HotSpot(TM) 64-Bit Server VM 
2015/07/20 19:51:23 INFO  - jmeter.JMeter: os.name=Windows 8.1 
2015/07/20 19:51:23 INFO  - jmeter.JMeter: os.arch=amd64 
2015/07/20 19:51:23 INFO  - jmeter.JMeter: os.version=6.3 
2015/07/20 19:51:23 INFO  - jmeter.JMeter: file.encoding=Cp1252 
2015/07/20 19:51:23 INFO  - jmeter.JMeter: Default Locale=English (United States) 
2015/07/20 19:51:23 INFO  - jmeter.JMeter: JMeter  Locale=English (United States) 
2015/07/20 19:51:23 INFO  - jmeter.JMeter: JMeterHome=C:\Users\austenjt\Documents\GitHub\jmeter-gradle-plugin-adv-example\build\jmeter 
2015/07/20 19:51:23 INFO  - jmeter.JMeter: user.dir  =C:\Users\austenjt\Documents\GitHub\jmeter-gradle-plugin-adv-example\build\jmeter 
2015/07/20 19:51:23 INFO  - jmeter.JMeter: PWD       =C:\Users\austenjt\Documents\GitHub\jmeter-gradle-plugin-adv-example\build\jmeter 
2015/07/20 19:51:23 INFO  - jmeter.JMeter: IP: 192.168.1.4 Name: JONSDESKTOP FullName: JONSDESKTOP 
2015/07/20 19:51:23 INFO  - jmeter.JMeter: search_paths=/C:/Users/austenjt/.gradle/caches/modules-2/files-2.1/org.beanshell/bsh-core/2.0b4/495e25a99e29970ffe8ba0b1d551e1d1a9991fc1/bsh-core-2.0b4.jar;/C:/Users/austenjt/.gradle/caches/modules-2/files-2.1/org.apache.jmeter/ApacheJMeter_http/2.13/3c06ecdb5a4ac30449acea6487949a8c125fd547/ApacheJMeter_http-2.13.jar;/C:/Users/austenjt/.gradle/caches/modules-2/files-2.1/org.apache.jmeter/ApacheJMeter_junit/2.13/98cebf69e1713e39d863cb77d614248db0a64a8c/ApacheJMeter_junit-2.13.jar;/C:/Users/austenjt/.gradle/caches/modules-2/files-2.1/org.apache.jmeter/ApacheJMeter_java/2.13/aa892d72373c520fd589543a820de52b1fba775c/ApacheJMeter_java-2.13.jar;/C:/Users/austenjt/.gradle/caches/modules-2/files-2.1/org.apache.jmeter/ApacheJMeter_jdbc/2.13/65561a64e4afbac2a4dd63017169983c060121da/ApacheJMeter_jdbc-2.13.jar;/C:/Users/austenjt/.gradle/caches/modules-2/files-2.1/org.apache.jmeter/ApacheJMeter_tcp/2.13/7f34411923b941ce7d8d7e9c700a7f7b73726989/ApacheJMeter_tcp-2.13.jar;/C:/Users/austenjt/.gradle/caches/modules-2/files-2.1/org.apache.jmeter/ApacheJMeter_mail/2.13/b8ff5bc84886c02d03205262ddf90e7adf01e333/ApacheJMeter_mail-2.13.jar;/C:/Users/austenjt/.gradle/caches/modules-2/files-2.1/org.apache.jmeter/ApacheJMeter_ldap/2.13/31431bb6c19fab5342f216329a9c0bd37375fc50/ApacheJMeter_ldap-2.13.jar;/C:/Users/austenjt/.gradle/caches/modules-2/files-2.1/org.apache.jmeter/ApacheJMeter_ftp/2.13/232b83021cee7a3042ee4c62c503e8b926208cb4/ApacheJMeter_ftp-2.13.jar;/C:/Users/austenjt/.gradle/caches/modules-2/files-2.1/org.apache.jmeter/ApacheJMeter_functions/2.13/47c860e7e781ab8f327149471b425f4d33b20845/ApacheJMeter_functions-2.13.jar;/C:/Users/austenjt/.gradle/caches/modules-2/files-2.1/org.apache.jmeter/ApacheJMeter_monitors/2.13/f10dd4066d5ddf91cf883bd71e8e409565a7afb5/ApacheJMeter_monitors-2.13.jar;/C:/Users/austenjt/.gradle/caches/modules-2/files-2.1/org.apache.jmeter/ApacheJMeter_jms/2.13/9d834b1884ab1f14605996ae9efd30bcf751a38e/ApacheJMeter_jms-2.13.jar;/C:/Users/austenjt/.gradle/caches/modules-2/files-2.1/org.apache.jmeter/ApacheJMeter/2.13/8b9e741eff0a94a5c5ee385ad2b1d9ab659c5bf9/ApacheJMeter-2.13.jar;/C:/Users/austenjt/.gradle/caches/modules-2/files-2.1/org.apache.jmeter/ApacheJMeter_components/2.13/96e7bedc1e238e02b39063845171bca14525ff01/ApacheJMeter_components-2.13.jar;/C:/Users/austenjt/.gradle/caches/modules-2/files-2.1/org.apache.jmeter/ApacheJMeter_config/2.13/5bd3bc1935fa85cf77d175afe9b8e63d4a2a4cff/ApacheJMeter_config-2.13.jar;/C:/Users/austenjt/.gradle/caches/modules-2/files-2.1/org.apache.jmeter/ApacheJMeter_core/2.13/ac0fdf85299d4f61960cea49d7e8b3f9abe90fcd/ApacheJMeter_core-2.13.jar;/C:/Users/austenjt/.gradle/caches/modules-2/files-2.1/org.beanshell/bsh/2.0b5/fdc2ab6ae8b53e0d4761b296c116df747cd85199/bsh-2.0b5.jar;C:\Users\austenjt\Documents\GitHub\jmeter-gradle-plugin-adv-example\build\jmeter\lib\ext 
2015/07/20 19:51:23 INFO  - jmeter.JMeter: Adding to classpath and loader: /C:/Users/austenjt/.gradle/caches/modules-2/files-2.1/org.beanshell/bsh-core/2.0b4/495e25a99e29970ffe8ba0b1d551e1d1a9991fc1/bsh-core-2.0b4.jar 
2015/07/20 19:51:23 INFO  - jmeter.JMeter: Adding to classpath and loader: /C:/Users/austenjt/.gradle/caches/modules-2/files-2.1/org.apache.jmeter/ApacheJMeter_http/2.13/3c06ecdb5a4ac30449acea6487949a8c125fd547/ApacheJMeter_http-2.13.jar 
2015/07/20 19:51:23 INFO  - jmeter.JMeter: Adding to classpath and loader: /C:/Users/austenjt/.gradle/caches/modules-2/files-2.1/org.apache.jmeter/ApacheJMeter_junit/2.13/98cebf69e1713e39d863cb77d614248db0a64a8c/ApacheJMeter_junit-2.13.jar 
2015/07/20 19:51:23 INFO  - jmeter.JMeter: Adding to classpath and loader: /C:/Users/austenjt/.gradle/caches/modules-2/files-2.1/org.apache.jmeter/ApacheJMeter_java/2.13/aa892d72373c520fd589543a820de52b1fba775c/ApacheJMeter_java-2.13.jar 
2015/07/20 19:51:23 INFO  - jmeter.JMeter: Adding to classpath and loader: /C:/Users/austenjt/.gradle/caches/modules-2/files-2.1/org.apache.jmeter/ApacheJMeter_jdbc/2.13/65561a64e4afbac2a4dd63017169983c060121da/ApacheJMeter_jdbc-2.13.jar 
2015/07/20 19:51:23 INFO  - jmeter.JMeter: Adding to classpath and loader: /C:/Users/austenjt/.gradle/caches/modules-2/files-2.1/org.apache.jmeter/ApacheJMeter_tcp/2.13/7f34411923b941ce7d8d7e9c700a7f7b73726989/ApacheJMeter_tcp-2.13.jar 
2015/07/20 19:51:23 INFO  - jmeter.JMeter: Adding to classpath and loader: /C:/Users/austenjt/.gradle/caches/modules-2/files-2.1/org.apache.jmeter/ApacheJMeter_mail/2.13/b8ff5bc84886c02d03205262ddf90e7adf01e333/ApacheJMeter_mail-2.13.jar 
2015/07/20 19:51:23 INFO  - jmeter.JMeter: Adding to classpath and loader: /C:/Users/austenjt/.gradle/caches/modules-2/files-2.1/org.apache.jmeter/ApacheJMeter_ldap/2.13/31431bb6c19fab5342f216329a9c0bd37375fc50/ApacheJMeter_ldap-2.13.jar 
2015/07/20 19:51:23 INFO  - jmeter.JMeter: Adding to classpath and loader: /C:/Users/austenjt/.gradle/caches/modules-2/files-2.1/org.apache.jmeter/ApacheJMeter_ftp/2.13/232b83021cee7a3042ee4c62c503e8b926208cb4/ApacheJMeter_ftp-2.13.jar 
2015/07/20 19:51:23 INFO  - jmeter.JMeter: Adding to classpath and loader: /C:/Users/austenjt/.gradle/caches/modules-2/files-2.1/org.apache.jmeter/ApacheJMeter_functions/2.13/47c860e7e781ab8f327149471b425f4d33b20845/ApacheJMeter_functions-2.13.jar 
2015/07/20 19:51:23 INFO  - jmeter.JMeter: Adding to classpath and loader: /C:/Users/austenjt/.gradle/caches/modules-2/files-2.1/org.apache.jmeter/ApacheJMeter_monitors/2.13/f10dd4066d5ddf91cf883bd71e8e409565a7afb5/ApacheJMeter_monitors-2.13.jar 
2015/07/20 19:51:23 INFO  - jmeter.JMeter: Adding to classpath and loader: /C:/Users/austenjt/.gradle/caches/modules-2/files-2.1/org.apache.jmeter/ApacheJMeter_jms/2.13/9d834b1884ab1f14605996ae9efd30bcf751a38e/ApacheJMeter_jms-2.13.jar 
2015/07/20 19:51:23 INFO  - jmeter.JMeter: Adding to classpath and loader: /C:/Users/austenjt/.gradle/caches/modules-2/files-2.1/org.apache.jmeter/ApacheJMeter/2.13/8b9e741eff0a94a5c5ee385ad2b1d9ab659c5bf9/ApacheJMeter-2.13.jar 
2015/07/20 19:51:23 INFO  - jmeter.JMeter: Adding to classpath and loader: /C:/Users/austenjt/.gradle/caches/modules-2/files-2.1/org.apache.jmeter/ApacheJMeter_components/2.13/96e7bedc1e238e02b39063845171bca14525ff01/ApacheJMeter_components-2.13.jar 
2015/07/20 19:51:23 INFO  - jmeter.JMeter: Adding to classpath and loader: /C:/Users/austenjt/.gradle/caches/modules-2/files-2.1/org.apache.jmeter/ApacheJMeter_config/2.13/5bd3bc1935fa85cf77d175afe9b8e63d4a2a4cff/ApacheJMeter_config-2.13.jar 
2015/07/20 19:51:23 INFO  - jmeter.JMeter: Adding to classpath and loader: /C:/Users/austenjt/.gradle/caches/modules-2/files-2.1/org.apache.jmeter/ApacheJMeter_core/2.13/ac0fdf85299d4f61960cea49d7e8b3f9abe90fcd/ApacheJMeter_core-2.13.jar 
2015/07/20 19:51:23 INFO  - jmeter.JMeter: Adding to classpath and loader: /C:/Users/austenjt/.gradle/caches/modules-2/files-2.1/org.beanshell/bsh/2.0b5/fdc2ab6ae8b53e0d4761b296c116df747cd85199/bsh-2.0b5.jar 
2015/07/20 19:51:23 INFO  - jmeter.JMeter: Adding to classpath and loader: C:\Users\austenjt\Documents\GitHub\jmeter-gradle-plugin-adv-example\build\jmeter\lib\ext 
2015/07/20 19:51:23 INFO  - jmeter.services.FileServer: Default base='C:\Users\austenjt\Documents\GitHub\jmeter-gradle-plugin-adv-example\build\jmeter' 
2015/07/20 19:51:23 INFO  - jmeter.services.FileServer: Set new base='C:\Users\austenjt\Documents\GitHub\jmeter-gradle-plugin-adv-example\src\test\jmeter' 
2015/07/20 19:51:23 INFO  - jmeter.save.SaveService: Testplan (JMX) version: 2.2. Testlog (JTL) version: 2.2 
2015/07/20 19:51:23 INFO  - jmeter.save.SaveService: Using SaveService properties file encoding UTF-8 
2015/07/20 19:51:23 INFO  - jmeter.save.SaveService: Using SaveService properties file version 1656252 
2015/07/20 19:51:23 INFO  - jmeter.save.SaveService: Using SaveService properties version 2.8 
2015/07/20 19:51:23 INFO  - jmeter.save.SaveService: All converter versions present and correct 
2015/07/20 19:51:23 INFO  - jmeter.save.SaveService: Loading file: C:\Users\austenjt\Documents\GitHub\jmeter-gradle-plugin-adv-example\src\test\jmeter\test2.jmx 
2015/07/20 19:51:23 ERROR - jmeter.util.NameUpdater: Could not find upgrade file:  java.io.FileNotFoundException: C:\Users\austenjt\Documents\GitHub\jmeter-gradle-plugin-adv-example\build\jmeter\bin\upgrade.properties (The system cannot find the path specified)
	at java.io.FileInputStream.open0(Native Method)
	at java.io.FileInputStream.open(FileInputStream.java:195)
	at java.io.FileInputStream.<init>(FileInputStream.java:138)
	at org.apache.jmeter.util.NameUpdater.<clinit>(NameUpdater.java:53)
	at org.apache.jmeter.save.SaveService$XStreamWrapper$1.realClass(SaveService.java:92)
	at com.thoughtworks.xstream.mapper.MapperWrapper.realClass(MapperWrapper.java:30)
	at com.thoughtworks.xstream.mapper.CachingMapper.realClass(CachingMapper.java:47)
	at com.thoughtworks.xstream.core.util.HierarchicalStreams.readClassType(HierarchicalStreams.java:29)
	at com.thoughtworks.xstream.core.TreeUnmarshaller.start(TreeUnmarshaller.java:133)
	at com.thoughtworks.xstream.core.AbstractTreeMarshallingStrategy.unmarshal(AbstractTreeMarshallingStrategy.java:32)
	at com.thoughtworks.xstream.XStream.unmarshal(XStream.java:1206)
	at com.thoughtworks.xstream.XStream.unmarshal(XStream.java:1190)
	at com.thoughtworks.xstream.XStream.fromXML(XStream.java:1061)
	at org.apache.jmeter.save.SaveService.readTree(SaveService.java:559)
	at org.apache.jmeter.save.SaveService.loadTree(SaveService.java:537)
	at org.apache.jmeter.JMeter.runNonGui(JMeter.java:750)
	at org.apache.jmeter.JMeter.startNonGui(JMeter.java:737)
	at org.apache.jmeter.JMeter.start(JMeter.java:395)
	at sun.reflect.NativeMethodAccessorImpl.invoke0(Native Method)
	at sun.reflect.NativeMethodAccessorImpl.invoke(NativeMethodAccessorImpl.java:62)
	at sun.reflect.DelegatingMethodAccessorImpl.invoke(DelegatingMethodAccessorImpl.java:43)
	at java.lang.reflect.Method.invoke(Method.java:497)
	at org.apache.jmeter.NewDriver.main(NewDriver.java:264)

2015/07/20 19:51:23 INFO  - jmeter.protocol.http.sampler.HTTPSamplerBase: Cannot find .className property for htmlParser, using default 
2015/07/20 19:51:23 INFO  - jmeter.protocol.http.sampler.HTTPSamplerBase: Parser for text/html is  
2015/07/20 19:51:23 INFO  - jmeter.protocol.http.sampler.HTTPSamplerBase: Parser for application/xhtml+xml is  
2015/07/20 19:51:23 INFO  - jmeter.protocol.http.sampler.HTTPSamplerBase: Parser for application/xml is  
2015/07/20 19:51:23 INFO  - jmeter.protocol.http.sampler.HTTPSamplerBase: Parser for text/xml is  
2015/07/20 19:51:23 INFO  - jmeter.protocol.http.sampler.HTTPSamplerBase: Parser for text/vnd.wap.wml is org.apache.jmeter.protocol.http.parser.RegexpHTMLParser 
2015/07/20 19:51:23 INFO  - jmeter.JMeter: Creating summariser <summary> 
2015/07/20 19:51:23 INFO  - jmeter.engine.StandardJMeterEngine: Listeners will be started after enabling running version 
2015/07/20 19:51:23 INFO  - jmeter.engine.StandardJMeterEngine: To revert to the earlier behaviour, define jmeterengine.startlistenerslater=false 
2015/07/20 19:51:23 INFO  - jmeter.engine.StandardJMeterEngine: Running the test! 
2015/07/20 19:51:23 INFO  - jmeter.samplers.SampleEvent: List of sample_variables: [] 
2015/07/20 19:51:23 INFO  - jmeter.samplers.SampleEvent: List of sample_variables: [] 
2015/07/20 19:51:23 INFO  - jmeter.engine.util.CompoundVariable: Note: Function class names must contain the string: '.functions.' 
2015/07/20 19:51:23 INFO  - jmeter.engine.util.CompoundVariable: Note: Function class names must not contain the string: '.gui.' 
2015/07/20 19:51:23 INFO  - jmeter.JMeter: Running test (1437447083898) 
2015/07/20 19:51:23 INFO  - jmeter.engine.StandardJMeterEngine: Starting ThreadGroup: 1 : Thread Group 
2015/07/20 19:51:23 INFO  - jmeter.engine.StandardJMeterEngine: Starting 1 threads for group Thread Group. 
2015/07/20 19:51:23 INFO  - jmeter.engine.StandardJMeterEngine: Thread will continue on error 
2015/07/20 19:51:23 INFO  - jmeter.threads.ThreadGroup: Starting thread group number 1 threads 1 ramp-up 1 perThread 1000.0 delayedStart=false 
2015/07/20 19:51:23 INFO  - jmeter.threads.JMeterThread: jmeterthread.startearlier=true (see jmeter.properties) 
2015/07/20 19:51:23 INFO  - jmeter.threads.JMeterThread: Running PostProcessors in forward order 
2015/07/20 19:51:23 INFO  - jmeter.threads.ThreadGroup: Started thread group number 1 
2015/07/20 19:51:23 INFO  - jmeter.engine.StandardJMeterEngine: All thread groups have been started 
2015/07/20 19:51:23 INFO  - jmeter.threads.JMeterThread: Thread started: Thread Group 1-1 
2015/07/20 19:51:23 INFO  - jmeter.protocol.http.sampler.HTTPHCAbstractImpl: Local host = JONSDESKTOP 
2015/07/20 19:51:23 INFO  - jmeter.protocol.http.sampler.HTTPHC4Impl: HTTP request retry count = 0 
2015/07/20 19:51:23 INFO  - jmeter.protocol.http.sampler.HTTPHC4Impl: Setting up HTTPS TrustAll scheme 
2015/07/20 19:51:23 INFO  - jmeter.util.JsseSSLManager: Using default SSL protocol: TLS 
2015/07/20 19:51:23 INFO  - jmeter.util.JsseSSLManager: SSL session context: per-thread 
2015/07/20 19:51:24 INFO  - jmeter.samplers.SampleResult: Note: Sample TimeStamps are START times 
2015/07/20 19:51:24 INFO  - jmeter.samplers.SampleResult: sampleresult.default.encoding is set to ISO-8859-1 
2015/07/20 19:51:24 INFO  - jmeter.samplers.SampleResult: sampleresult.useNanoTime=true 
2015/07/20 19:51:24 INFO  - jmeter.samplers.SampleResult: sampleresult.nanoThreadSleep=5000 
2015/07/20 19:51:26 INFO  - jmeter.util.SSLManager: JmeterKeyStore Location:  type JKS 
2015/07/20 19:51:26 INFO  - jmeter.util.SSLManager: KeyStore created OK 
2015/07/20 19:51:26 WARN  - jmeter.util.SSLManager: Keystore file not found, loading empty keystore 
2015/07/20 19:51:27 INFO  - jmeter.threads.JMeterThread: Thread is done: Thread Group 1-1 
2015/07/20 19:51:27 INFO  - jmeter.threads.JMeterThread: Thread finished: Thread Group 1-1 
2015/07/20 19:51:27 INFO  - jmeter.engine.StandardJMeterEngine: Notifying test listeners of end of test 
2015/07/20 19:51:27 INFO  - jmeter.reporters.Summariser: summary =      4 in   3.2s =    1.3/s Avg:   735 Min:     1 Max:  1353 Err:     1 (25.00%) 
